<?xml version="1.0" encoding="UTF-8"?>
<!-- Generated by org.testng.reporters.JUnitReportReporter -->
<testsuite skipped="0" hostname="DESKTOP-VIRBGBF" name="lounch.FbLounch" tests="1" failures="0" timestamp="2021-11-27T13:44:45 IST" time="4.173" errors="0">
  <testcase name="run" time="4.173" classname="lounch.FbLounch"/>
  <system-out/>
</testsuite> <!-- lounch.FbLounch -->
