<?xml version="1.0" encoding="UTF-8"?>
<!-- Generated by org.testng.reporters.JUnitReportReporter -->
<testsuite hostname="DESKTOP-VIRBGBF" failures="0" tests="1" name="lounch.LounchYoutube" time="60.817" errors="0" timestamp="2022-01-10T18:02:40 IST" skipped="0">
  <testcase classname="lounch.LounchYoutube" name="openYoutube" time="60.817"/>
  <system-out/>
</testsuite> <!-- lounch.LounchYoutube -->
